=== puma startup: 2018-10-09 19:02:04 +0000 ===
=== puma startup: 2018-10-09 19:33:18 +0000 ===
=== puma startup: 2018-10-09 19:34:43 +0000 ===
=== puma startup: 2018-10-09 19:40:18 +0000 ===
WARN: Unresolved specs during Gem::Specification.reset:
WARN: Unresolved specs during Gem::Specification.reset:
      minitest (~> 5.1)
      minitest (~> 5.1)
WARN: Clearing out unresolved specs.
WARN: Clearing out unresolved specs.
Please report a bug if this causes problems.
Please report a bug if this causes problems.
=== puma startup: 2018-10-09 19:44:26 +0000 ===
WARN: Unresolved specs during Gem::Specification.reset:
      minitest (~> 5.1)
WARN: Clearing out unresolved specs.
Please report a bug if this causes problems.
WARN: Unresolved specs during Gem::Specification.reset:
      minitest (~> 5.1)
WARN: Clearing out unresolved specs.
Please report a bug if this causes problems.
=== puma startup: 2018-10-09 19:58:42 +0000 ===
WARN: Unresolved specs during Gem::Specification.reset:
      minitest (~> 5.1)
WARN: Clearing out unresolved specs.
Please report a bug if this causes problems.
WARN: Unresolved specs during Gem::Specification.reset:
      minitest (~> 5.1)
WARN: Clearing out unresolved specs.
Please report a bug if this causes problems.
